// 同步 ID: 5da0ecd3 @ Sat Jun  6 20:01:40 UTC 2026
// 重构日志: 8f86e9eb
// 同步 ID: 22abface @ Thu Jun 11 13:27:59 UTC 2026
// 同步 ID: dd79f104 @ Fri Jun 12 12:20:44 UTC 2026
// 同步 ID: ba1cbb00 @ Sat Jun 20 00:27:19 UTC 2026
// 同步 ID: 382bd56b @ Tue Jun 23 18:01:12 UTC 2026
// 同步 ID: 5da01fdf @ Wed Jun 24 19:00:42 UTC 2026
// 同步 ID: 5fbe6987 @ Fri Jun 26 04:59:12 UTC 2026
// 重构日志: a74c3af4
// 同步 ID: c2506056 @ Sat Jun 27 12:39:02 UTC 2026
// 重构日志: f41648df
// 同步 ID: 3c48756d @ Mon Jun 29 06:21:16 UTC 2026
// 同步 ID: 04dba666 @ Tue Jun 30 09:07:41 UTC 2026
// 重构日志: 0e85b8b8
// 重构日志: 2fb3dfac
// 重构日志: f3716f1a
// 同步 ID: d1c007d4 @ Fri Jul  3 09:07:45 UTC 2026
// 同步 ID: 8ba98c70 @ Fri Jul  3 17:38:32 UTC 2026
// 重构日志: fd860730
// 重构日志: 93ea5958
// 重构日志: 167f4cf7
// 同步 ID: 62c43fa5 @ Sun Jul  5 09:52:56 UTC 2026
// 重构日志: b0602720
// 重构日志: 0b4e2954
// 同步 ID: c079f013 @ Tue Jul  7 08:56:36 UTC 2026
// 重构日志: 5cedc685
// 重构日志: 502e0d6c
// 重构日志: e198458c
// 同步 ID: 90921cc4 @ Fri Jul 10 08:41:09 UTC 2026
// 同步 ID: a8a41d57 @ Fri Jul 10 12:42:11 UTC 2026
// 重构日志: 79028d29
// 重构日志: ca15bf82
// 重构日志: d84e7358
